<?xml version="1.0" encoding="UTF-8"?>
<testsuite name="PersonalAssistantTest" tests="1" skipped="0" failures="0" errors="0" timestamp="2020-05-28T13:31:59" hostname="DESKTOP-A7494PS" time="0.085">
  <properties/>
  <testcase name="start" classname="PersonalAssistantTest" time="0.085"/>
  <system-out><![CDATA[?[1;31m
Start test 1?[0m
Hello! My name is KnowBot.
I was created in 2020.
Please, remind me your name.
> Marry
What a great name you have, Marry!
Let me guess your age.
Say me remainders of dividing your age by 3, 5 and 7.
> 1 0 5
Your age is 40; that's a good time to start programming!
Now I will prove to you that I can count to any number you want.
> 10
0!
1!
2!
3!
4!
5!
6!
7!
8!
9!
10!
Let's test your programming knowledge.
what is the difference between do while & while
1. do while will at least execute it once, while may not.
2. nothing difference.
3. while will at least execute it once, do while may not.
4. do while is other name of while loop.
> 1
Congratulations, have a nice day!
]]></system-out>
  <system-err><![CDATA[]]></system-err>
</testsuite>
